Using pre-set license
Built from '2020.3/staging' branch; Version is '2020.3.43f1 (75bff06b76bf) revision 7716848'; Using compiler version '192528614'; Build Type 'Release'
OS: 'Windows 10  (10.0.19044) 64bit Enterprise' Language: 'zh' Physical Memory: 32506 MB
BatchMode: 1, IsHumanControllingUs: 0, StartBugReporterOnCrash: 0, Is64bit: 1, IsPro: 0

COMMAND LINE ARGUMENTS:
D:\Program Files (x86)\unityversion\2020.3.43f1\Editor\Unity.exe
-adb2
-batchMode
-noUpm
-name
AssetImportWorker0
-projectPath
D:/github/unityStudy/eatSnake
-logFile
Logs/AssetImportWorker0.log
-srvPort
12686
Successfully changed project path to: D:/github/unityStudy/eatSnake
D:/github/unityStudy/eatSnake
Using Asset Import Pipeline V2.
Refreshing native plugins compatible for Editor in 82.69 ms, found 3 plugins.
Preloading 0 native plugins for Editor in 0.00 ms.
Initialize engine version: 2020.3.43f1 (75bff06b76bf)
[Subsystems] Discovering subsystems at path D:/Program Files (x86)/unityversion/2020.3.43f1/Editor/Data/Resources/UnitySubsystems
[Subsystems] Discovering subsystems at path D:/github/unityStudy/eatSnake/Assets
GfxDevice: creating device client; threaded=0
Direct3D:
    Version:  Direct3D 11.0 [level 11.1]
    Renderer: NVIDIA GeForce RTX 3060 Laptop GPU (ID=0x2520)
    Vendor:   
    VRAM:     6023 MB
    Driver:   31.0.15.1700
Initialize mono
Mono path[0] = 'D:/Program Files (x86)/unityversion/2020.3.43f1/Editor/Data/Managed'
Mono path[1] = 'D:/Program Files (x86)/unityversion/2020.3.43f1/Editor/Data/MonoBleedingEdge/lib/mono/unityjit'
Mono config path = 'D:/Program Files (x86)/unityversion/2020.3.43f1/Editor/Data/MonoBleedingEdge/etc'
Using monoOptions --debugger-agent=transport=dt_socket,embedding=1,server=y,suspend=n,address=127.0.0.1:56888
Begin MonoManager ReloadAssembly
Registering precompiled unity dll's ...
Register platform support module: D:/Program Files (x86)/unityversion/2020.3.43f1/Editor/Data/PlaybackEngines/WindowsStandaloneSupport/UnityEditor.WindowsStandalone.Extensions.dll
Registered in 0.001203 seconds.
Native extension for WindowsStandalone target not found
Refreshing native plugins compatible for Editor in 71.17 ms, found 3 plugins.
Preloading 0 native plugins for Editor in 0.00 ms.
Mono: successfully reloaded assembly
- Completed reload, in  0.774 seconds
Domain Reload Profiling:
	ReloadAssembly (774ms)
		BeginReloadAssembly (74ms)
			ExecutionOrderSort (0ms)
			DisableScriptedObjects (0ms)
			BackupInstance (0ms)
			ReleaseScriptingObjects (0ms)
			CreateAndSetChildDomain (1ms)
		EndReloadAssembly (610ms)
			LoadAssemblies (73ms)
			RebuildTransferFunctionScriptingTraits (0ms)
			SetupTypeCache (183ms)
			ReleaseScriptCaches (0ms)
			RebuildScriptCaches (45ms)
			SetupLoadedEditorAssemblies (239ms)
				LogAssemblyErrors (0ms)
				InitializePlatformSupportModulesInManaged (6ms)
				SetLoadedEditorAssemblies (0ms)
				RefreshPlugins (71ms)
				BeforeProcessingInitializeOnLoad (20ms)
				ProcessInitializeOnLoadAttributes (111ms)
				ProcessInitializeOnLoadMethodAttributes (31ms)
				AfterProcessingInitializeOnLoad (0ms)
				EditorAssembliesLoaded (0ms)
			ExecutionOrderSort2 (0ms)
			AwakeInstancesAfterBackupRestoration (0ms)
Platform modules already initialized, skipping
Registering precompiled user dll's ...
Registered in 0.003416 seconds.
Begin MonoManager ReloadAssembly
Native extension for WindowsStandalone target not found
Refreshing native plugins compatible for Editor in 0.81 ms, found 3 plugins.
Preloading 0 native plugins for Editor in 0.00 ms.
Launched and connected shader compiler UnityShaderCompiler.exe after 0.04 seconds
`Assets/Resources/Models/Spine/红皇后/BOSS_chaipian.png` : Problematic Texture Settings found: When enabling `Generate Mip Maps` in Gamma color space, it is recommended to disable `sRGB (Color Texture)` on `Premultiply alpha` textures. Otherwise you will receive white border artifacts on an atlas exported with default `Premultiply alpha` settings.
(You can disable this warning in `Edit - Preferences - Spine`)
UnityEngine.StackTraceUtility:ExtractStackTrace ()
UnityEngine.DebugLogHandler:LogFormat (UnityEngine.LogType,UnityEngine.Object,string,object[])
UnityEngine.Logger:Log (UnityEngine.LogType,object,UnityEngine.Object)
UnityEngine.Debug:LogWarning (object,UnityEngine.Object)
Spine.Unity.Editor.SpineEditorUtilities:IssueWarningsForUnrecommendedTextureSettings (string) (at Assets/Spine/Editor/spine-unity/Editor/Utility/SpineEditorUtilities.cs:210)
Spine.Unity.Editor.SpineEditorUtilities:IssueWarningsForUnrecommendedTextureSettings () (at Assets/Spine/Editor/spine-unity/Editor/Utility/SpineEditorUtilities.cs:181)
Spine.Unity.Editor.SpineEditorUtilities:Initialize () (at Assets/Spine/Editor/spine-unity/Editor/Utility/SpineEditorUtilities.cs:160)
Spine.Unity.Editor.SpineEditorUtilities:.cctor () (at Assets/Spine/Editor/spine-unity/Editor/Utility/SpineEditorUtilities.cs:96)
System.Runtime.CompilerServices.RuntimeHelpers:RunClassConstructor (System.RuntimeTypeHandle)
UnityEditor.EditorAssemblies:ProcessInitializeOnLoadAttributes (System.Type[])

(Filename: Assets/Spine/Editor/spine-unity/Editor/Utility/SpineEditorUtilities.cs Line: 210)

Mono: successfully reloaded assembly
- Completed reload, in  1.242 seconds
Domain Reload Profiling:
	ReloadAssembly (1243ms)
		BeginReloadAssembly (134ms)
			ExecutionOrderSort (0ms)
			DisableScriptedObjects (4ms)
			BackupInstance (0ms)
			ReleaseScriptingObjects (0ms)
			CreateAndSetChildDomain (23ms)
		EndReloadAssembly (1059ms)
			LoadAssemblies (92ms)
			RebuildTransferFunctionScriptingTraits (0ms)
			SetupTypeCache (311ms)
			ReleaseScriptCaches (1ms)
			RebuildScriptCaches (54ms)
			SetupLoadedEditorAssemblies (537ms)
				LogAssemblyErrors (0ms)
				InitializePlatformSupportModulesInManaged (4ms)
				SetLoadedEditorAssemblies (0ms)
				RefreshPlugins (1ms)
				BeforeProcessingInitializeOnLoad (105ms)
				ProcessInitializeOnLoadAttributes (351ms)
				ProcessInitializeOnLoadMethodAttributes (73ms)
				AfterProcessingInitializeOnLoad (3ms)
				EditorAssembliesLoaded (0ms)
			ExecutionOrderSort2 (0ms)
			AwakeInstancesAfterBackupRestoration (2ms)
Platform modules already initialized, skipping
========================================================================
Worker process is ready to serve import requests
Refreshing native plugins compatible for Editor in 0.98 ms, found 3 plugins.
Preloading 0 native plugins for Editor in 0.00 ms.
Unloading 3134 Unused Serialized files (Serialized files now loaded: 0)
System memory in use before: 128.9 MB.
System memory in use after: 128.9 MB.

Unloading 67 unused Assets to reduce memory usage. Loaded Objects now: 3532.
Total: 6.311400 ms (FindLiveObjects: 0.362700 ms CreateObjectMapping: 0.197100 ms MarkObjects: 5.629700 ms  DeleteObjects: 0.120200 ms)

AssetImportParameters requested are different than current active one (requested -> active):
  custom:framework-win-MediaFoundation: 216162199b28c13a410421893ffa2e32 -> 
  custom:video-decoder-ogg-theora: a1e56fd34408186e4bbccfd4996cb3dc -> 
  custom:container-muxer-webm: aa71ff27fc2769a1b78a27578f13a17b -> 
  custom:container-demuxer-webm: 4f35f7cbe854078d1ac9338744f61a02 -> 
  custom:container-demuxer-ogg: 62fdf1f143b41e24485cea50d1cbac27 -> 
  custom:video-encoder-webm-vp8: eb34c28f22e8b96e1ab97ce403110664 -> 
  custom:video-decoder-webm-vp8: 9c59270c3fd7afecdb556c50c9e8de78 -> 
  custom:audio-decoder-ogg-vorbis: bf7c407c2cedff20999df2af8eb42d56 -> 
  custom:audio-encoder-webm-vorbis: bf7c407c2cedff20999df2af8eb42d56 -> 
========================================================================
Received Import Request.
  path: Assets/Scenes/LobbyScene.unity
  artifactKey: Guid(f312798a8e7af420ebb73564c2893b4f) Importer(815301076,1909f56bfc062723c751e8b465ee728b)
Start importing Assets/Scenes/LobbyScene.unity using Guid(f312798a8e7af420ebb73564c2893b4f) Importer(815301076,1909f56bfc062723c751e8b465ee728b)  -> (artifact id: '80113d2027e8ab510521da0f175ba236') in 0.009776 seconds 
========================================================================
Received Prepare
Registering precompiled user dll's ...
Registered in 0.003788 seconds.
Begin MonoManager ReloadAssembly
Native extension for WindowsStandalone target not found
Refreshing native plugins compatible for Editor in 0.84 ms, found 3 plugins.
Preloading 0 native plugins for Editor in 0.00 ms.
`Assets/Resources/Models/Spine/红皇后/BOSS_chaipian.png` : Problematic Texture Settings found: When enabling `Generate Mip Maps` in Gamma color space, it is recommended to disable `sRGB (Color Texture)` on `Premultiply alpha` textures. Otherwise you will receive white border artifacts on an atlas exported with default `Premultiply alpha` settings.
(You can disable this warning in `Edit - Preferences - Spine`)
UnityEngine.StackTraceUtility:ExtractStackTrace ()
UnityEngine.DebugLogHandler:LogFormat (UnityEngine.LogType,UnityEngine.Object,string,object[])
UnityEngine.Logger:Log (UnityEngine.LogType,object,UnityEngine.Object)
UnityEngine.Debug:LogWarning (object,UnityEngine.Object)
Spine.Unity.Editor.SpineEditorUtilities:IssueWarningsForUnrecommendedTextureSettings (string) (at Assets/Spine/Editor/spine-unity/Editor/Utility/SpineEditorUtilities.cs:210)
Spine.Unity.Editor.SpineEditorUtilities:IssueWarningsForUnrecommendedTextureSettings () (at Assets/Spine/Editor/spine-unity/Editor/Utility/SpineEditorUtilities.cs:181)
Spine.Unity.Editor.SpineEditorUtilities:Initialize () (at Assets/Spine/Editor/spine-unity/Editor/Utility/SpineEditorUtilities.cs:160)
Spine.Unity.Editor.SpineEditorUtilities:.cctor () (at Assets/Spine/Editor/spine-unity/Editor/Utility/SpineEditorUtilities.cs:96)
System.Runtime.CompilerServices.RuntimeHelpers:RunClassConstructor (System.RuntimeTypeHandle)
UnityEditor.EditorAssemblies:ProcessInitializeOnLoadAttributes (System.Type[])

(Filename: Assets/Spine/Editor/spine-unity/Editor/Utility/SpineEditorUtilities.cs Line: 210)

Mono: successfully reloaded assembly
- Completed reload, in  1.116 seconds
Domain Reload Profiling:
	ReloadAssembly (1116ms)
		BeginReloadAssembly (118ms)
			ExecutionOrderSort (0ms)
			DisableScriptedObjects (6ms)
			BackupInstance (0ms)
			ReleaseScriptingObjects (0ms)
			CreateAndSetChildDomain (46ms)
		EndReloadAssembly (949ms)
			LoadAssemblies (87ms)
			RebuildTransferFunctionScriptingTraits (0ms)
			SetupTypeCache (288ms)
			ReleaseScriptCaches (2ms)
			RebuildScriptCaches (61ms)
			SetupLoadedEditorAssemblies (433ms)
				LogAssemblyErrors (0ms)
				InitializePlatformSupportModulesInManaged (4ms)
				SetLoadedEditorAssemblies (0ms)
				RefreshPlugins (1ms)
				BeforeProcessingInitializeOnLoad (102ms)
				ProcessInitializeOnLoadAttributes (257ms)
				ProcessInitializeOnLoadMethodAttributes (66ms)
				AfterProcessingInitializeOnLoad (2ms)
				EditorAssembliesLoaded (0ms)
			ExecutionOrderSort2 (0ms)
			AwakeInstancesAfterBackupRestoration (2ms)
Platform modules already initialized, skipping
Refreshing native plugins compatible for Editor in 0.94 ms, found 3 plugins.
Preloading 0 native plugins for Editor in 0.00 ms.
Unloading 3100 Unused Serialized files (Serialized files now loaded: 0)
System memory in use before: 125.4 MB.
System memory in use after: 125.7 MB.

Unloading 58 unused Assets to reduce memory usage. Loaded Objects now: 3538.
Total: 5.994700 ms (FindLiveObjects: 0.227100 ms CreateObjectMapping: 0.104700 ms MarkObjects: 5.576000 ms  DeleteObjects: 0.085900 ms)

AssetImportParameters requested are different than current active one (requested -> active):
  custom:framework-win-MediaFoundation: 216162199b28c13a410421893ffa2e32 -> 
  custom:video-decoder-ogg-theora: a1e56fd34408186e4bbccfd4996cb3dc -> 
  custom:container-muxer-webm: aa71ff27fc2769a1b78a27578f13a17b -> 
  custom:container-demuxer-webm: 4f35f7cbe854078d1ac9338744f61a02 -> 
  custom:container-demuxer-ogg: 62fdf1f143b41e24485cea50d1cbac27 -> 
  custom:video-encoder-webm-vp8: eb34c28f22e8b96e1ab97ce403110664 -> 
  custom:video-decoder-webm-vp8: 9c59270c3fd7afecdb556c50c9e8de78 -> 
  custom:audio-decoder-ogg-vorbis: bf7c407c2cedff20999df2af8eb42d56 -> 
  custom:audio-encoder-webm-vorbis: bf7c407c2cedff20999df2af8eb42d56 -> 
AssetImportWorkerClient::OnTransportError - code=2 error=End of file
